Release 14.7 - xst P.20131013 (nt)
Copyright (c) 1995-2013 Xilinx, Inc.  All rights reserved.
--> Parameter TMPDIR set to xst/projnav.tmp


Total REAL time to Xst completion: 0.00 secs
Total CPU time to Xst completion: 0.09 secs
 
--> Parameter xsthdpdir set to xst


Total REAL time to Xst completion: 0.00 secs
Total CPU time to Xst completion: 0.09 secs
 
--> Reading design: MEALY_M.prj

TABLE OF CONTENTS
  1) Synthesis Options Summary
  2) HDL Parsing
  3) HDL Elaboration
  4) HDL Synthesis
       4.1) HDL Synthesis Report
  5) Advanced HDL Synthesis
       5.1) Advanced HDL Synthesis Report
  6) Low Level Synthesis
  7) Partition Report
  8) Design Summary
       8.1) Primitive and Black Box Usage
       8.2) Device utilization summary
       8.3) Partition Resource Summary
       8.4) Timing Report
            8.4.1) Clock Information
            8.4.2) Asynchronous Control Signals Information
            8.4.3) Timing Summary
            8.4.4) Timing Details
            8.4.5) Cross Clock Domains Report


=========================================================================
*                      Synthesis Options Summary                        *
=========================================================================
---- Source Parameters
Input File Name                    : "MEALY_M.prj"
Ignore Synthesis Constraint File   : NO

---- Target Parameters
Output File Name                   : "MEALY_M"
Output Format                      : NGC
Target Device                      : xc6slx45-3-csg484

---- Source Options
Top Module Name                    : MEALY_M
Automatic FSM Extraction           : YES
FSM Encoding Algorithm             : Auto
Safe Implementation                : No
FSM Style                          : LUT
RAM Extraction                     : Yes
RAM Style                          : Auto
ROM Extraction                     : Yes
Shift Register Extraction          : YES
ROM Style                          : Auto
Resource Sharing                   : YES
Asynchronous To Synchronous        : NO
Shift Register Minimum Size        : 2
Use DSP Block                      : Auto
Automatic Register Balancing       : No

---- Target Options
LUT Combining                      : Auto
Reduce Control Sets                : Auto
Add IO Buffers                     : YES
Global Maximum Fanout              : 100000
Add Generic Clock Buffer(BUFG)     : 16
Register Duplication               : YES
Optimize Instantiated Primitives   : NO
Use Clock Enable                   : Auto
Use Synchronous Set                : Auto
Use Synchronous Reset              : Auto
Pack IO Registers into IOBs        : Auto
Equivalent register Removal        : YES

---- General Options
Optimization Goal                  : Speed
Optimization Effort                : 1
Power Reduction                    : NO
Keep Hierarchy                     : No
Netlist Hierarchy                  : As_Optimized
RTL Output                         : Yes
Global Optimization                : AllClockNets
Read Cores                         : YES
Write Timing Constraints           : NO
Cross Clock Analysis               : NO
Hierarchy Separator                : /
Bus Delimiter                      : <>
Case Specifier                     : Maintain
Slice Utilization Ratio            : 100
BRAM Utilization Ratio             : 100
DSP48 Utilization Ratio            : 100
Auto BRAM Packing                  : NO
Slice Utilization Ratio Delta      : 5

=========================================================================


=========================================================================
*                          HDL Parsing                                  *
=========================================================================
Parsing VHDL file "C:\Users\user06\Desktop\319221442\FSM116949733\FSM_MEALY\MEALY_M.vhd" into library work
Parsing entity <MEALY_M>.
Parsing architecture <Behavioral> of entity <mealy_m>.

=========================================================================
*                            HDL Elaboration                            *
=========================================================================

Elaborating entity <MEALY_M> (architecture <Behavioral>) from library <work>.

=========================================================================
*                           HDL Synthesis                               *
=========================================================================

Synthesizing Unit <MEALY_M>.
    Related source file is "C:\Users\user06\Desktop\319221442\FSM116949733\FSM_MEALY\MEALY_M.vhd".
    Found 2-bit register for signal <P_STATE>.
    Found 4x1-bit Read Only RAM for signal <P_STATE[1]_X_3_o_Mux_13_o>
    Found 2-bit 3-to-1 multiplexer for signal <E> created at line 58.
    Found 1-bit 4-to-1 multiplexer for signal <P_STATE[1]_PWR_4_o_Mux_12_o> created at line 58.
WARNING:Xst:737 - Found 1-bit latch for signal <N_STATE<1>>. Latches may be generated from incomplete case or if statements. We do not recommend the use of latches in FPGA/CPLD designs, as they may lead to timing problems.
WARNING:Xst:737 - Found 1-bit latch for signal <N_STATE<0>>. Latches may be generated from incomplete case or if statements. We do not recommend the use of latches in FPGA/CPLD designs, as they may lead to timing problems.
    Summary:
	inferred   1 RAM(s).
	inferred   2 D-type flip-flop(s).
	inferred   2 Latch(s).
	inferred   4 Multiplexer(s).
Unit <MEALY_M> synthesized.

=========================================================================
HDL Synthesis Report

Macro Statistics
# RAMs                                                 : 1
 4x1-bit single-port Read Only RAM                     : 1
# Registers                                            : 1
 2-bit register                                        : 1
# Latches                                              : 2
 1-bit latch                                           : 2
# Multiplexers                                         : 4
 1-bit 2-to-1 multiplexer                              : 1
 1-bit 4-to-1 multiplexer                              : 1
 2-bit 2-to-1 multiplexer                              : 1
 2-bit 3-to-1 multiplexer                              : 1

=========================================================================

=========================================================================
*                       Advanced HDL Synthesis                          *
=========================================================================


Synthesizing (advanced) Unit <MEALY_M>.
INFO:Xst:3231 - The small RAM <Mram_P_STATE[1]_X_3_o_Mux_13_o> will be implemented on LUTs in order to maximize performance and save block RAM resources. If you want to force its implementation on block, use option/constraint ram_style.
    -----------------------------------------------------------------------
    | ram_type           | Distributed                         |          |
    -----------------------------------------------------------------------
    | Port A                                                              |
    |     aspect ratio   | 4-word x 1-bit                      |          |
    |     weA            | connected to signal <GND>           | high     |
    |     addrA          | connected to signal <P_STATE>       |          |
    |     diA            | connected to signal <GND>           |          |
    |     doA            | connected to internal node          |          |
    -----------------------------------------------------------------------
Unit <MEALY_M> synthesized (advanced).

=========================================================================
Advanced HDL Synthesis Report

Macro Statistics
# RAMs                                                 : 1
 4x1-bit single-port distributed Read Only RAM         : 1
# Registers                                            : 2
 Flip-Flops                                            : 2
# Multiplexers                                         : 4
 1-bit 2-to-1 multiplexer                              : 1
 1-bit 4-to-1 multiplexer                              : 1
 2-bit 2-to-1 multiplexer                              : 1
 2-bit 3-to-1 multiplexer                              : 1

=========================================================================

=========================================================================
*                         Low Level Synthesis                           *
=========================================================================

Optimizing unit <MEALY_M> ...

Mapping all equations...
Building and optimizing final netlist ...
Found area constraint ratio of 100 (+ 5) on block MEALY_M, actual ratio is 0.

Final Macro Processing ...

=========================================================================
Final Register Report

Macro Statistics
# Registers                                            : 2
 Flip-Flops                                            : 2

=========================================================================

=========================================================================
*                           Partition Report                            *
=========================================================================

Partition Implementation Status
-------------------------------

  No Partitions were found in this design.

-------------------------------

=========================================================================
*                            Design Summary                             *
=========================================================================

Top Level Output File Name         : MEALY_M.ngc

Primitive and Black Box Usage:
------------------------------
# BELS                             : 6
#      GND                         : 1
#      LUT2                        : 1
#      LUT4                        : 1
#      LUT5                        : 1
#      LUT6                        : 2
# FlipFlops/Latches                : 4
#      FD                          : 2
#      LD                          : 2
# Clock Buffers                    : 1
#      BUFGP                       : 1
# IO Buffers                       : 7
#      IBUF                        : 5
#      OBUF                        : 2

Device utilization summary:
---------------------------

Selected Device : 6slx45csg484-3 


Slice Logic Utilization: 
 Number of Slice Registers:               4  out of  54576     0%  
 Number of Slice LUTs:                    5  out of  27288     0%  
    Number used as Logic:                 5  out of  27288     0%  

Slice Logic Distribution: 
 Number of LUT Flip Flop pairs used:      9
   Number with an unused Flip Flop:       5  out of      9    55%  
   Number with an unused LUT:             4  out of      9    44%  
   Number of fully used LUT-FF pairs:     0  out of      9     0%  
   Number of unique control sets:         2

IO Utilization: 
 Number of IOs:                           8
 Number of bonded IOBs:                   8  out of    320     2%  

Specific Feature Utilization:
 Number of BUFG/BUFGCTRLs:                1  out of     16     6%  

---------------------------
Partition Resource Summary:
---------------------------

  No Partitions were found in this design.

---------------------------


=========================================================================
Timing Report

NOTE: THESE TIMING NUMBERS ARE ONLY A SYNTHESIS ESTIMATE.
      FOR ACCURATE TIMING INFORMATION PLEASE REFER TO THE TRACE REPORT
      GENERATED AFTER PLACE-and-ROUTE.

Clock Information:
------------------
-----------------------------------------------------------------+------------------------+-------+
Clock Signal                                                     | Clock buffer(FF name)  | Load  |
-----------------------------------------------------------------+------------------------+-------+
P_STATE[1]_PWR_4_o_Mux_12_o(Mmux_P_STATE[1]_PWR_4_o_Mux_12_o11:O)| NONE(*)(N_STATE_1)     | 2     |
clk                                                              | BUFGP                  | 2     |
-----------------------------------------------------------------+------------------------+-------+
(*) This 1 clock signal(s) are generated by combinatorial logic,
and XST is not able to identify which are the primary clock signals.
Please use the CLOCK_SIGNAL constraint to specify the clock signal(s) generated by combinatorial logic.
INFO:Xst:2169 - HDL ADVISOR - Some clock signals were not automatically buffered by XST with BUFG/BUFR resources. Please use the buffer_type constraint in order to insert these buffers to the clock signals to help prevent skew problems.

Asynchronous Control Signals Information:
----------------------------------------
No asynchronous control signals found in this design

Timing Summary:
---------------
Speed Grade: -3

   Minimum period: No path found
   Minimum input arrival time before clock: 2.376ns
   Maximum output required time after clock: 4.847ns
   Maximum combinational path delay: 6.311ns

Timing Details:
---------------
All values displayed in nanoseconds (ns)

=========================================================================
Timing constraint: Default OFFSET IN BEFORE for Clock 'P_STATE[1]_PWR_4_o_Mux_12_o'
  Total number of paths / destination ports: 3 / 1
-------------------------------------------------------------------------
Offset:              2.376ns (Levels of Logic = 2)
  Source:            B (PAD)
  Destination:       N_STATE_1 (LATCH)
  Destination Clock: P_STATE[1]_PWR_4_o_Mux_12_o falling

  Data Path: B to N_STATE_1
                                Gate     Net
    Cell:in->out      fanout   Delay   Delay  Logical Name (Net Name)
    ----------------------------------------  ------------
     IBUF:I->O             4   1.222   0.912  B_IBUF (B_IBUF)
     LUT5:I2->O            1   0.205   0.000  Mmux_P_STATE[1]_X_3_o_Mux_11_o11 (P_STATE[1]_X_3_o_Mux_11_o)
     LD:D                      0.037          N_STATE_1
    ----------------------------------------
    Total                      2.376ns (1.464ns logic, 0.912ns route)
                                       (61.6% logic, 38.4% route)

=========================================================================
Timing constraint: Default OFFSET OUT AFTER for Clock 'clk'
  Total number of paths / destination ports: 2 / 1
-------------------------------------------------------------------------
Offset:              4.847ns (Levels of Logic = 2)
  Source:            P_STATE_1 (FF)
  Destination:       E<0> (PAD)
  Source Clock:      clk rising

  Data Path: P_STATE_1 to E<0>
                                Gate     Net
    Cell:in->out      fanout   Delay   Delay  Logical Name (Net Name)
    ----------------------------------------  ------------
     FD:C->Q               4   0.447   1.048  P_STATE_1 (P_STATE_1)
     LUT6:I0->O            1   0.203   0.579  Mmux_E11 (E_0_OBUF)
     OBUF:I->O                 2.571          E_0_OBUF (E<0>)
    ----------------------------------------
    Total                      4.847ns (3.221ns logic, 1.626ns route)
                                       (66.4% logic, 33.6% route)

=========================================================================
Timing constraint: Default path analysis
  Total number of paths / destination ports: 7 / 1
-------------------------------------------------------------------------
Delay:               6.311ns (Levels of Logic = 4)
  Source:            I (PAD)
  Destination:       E<0> (PAD)

  Data Path: I to E<0>
                                Gate     Net
    Cell:in->out      fanout   Delay   Delay  Logical Name (Net Name)
    ----------------------------------------  ------------
     IBUF:I->O             4   1.222   0.912  I_IBUF (I_IBUF)
     LUT4:I1->O            2   0.205   0.617  I_I_OR_6_o1 (I_I_OR_6_o)
     LUT6:I5->O            1   0.205   0.579  Mmux_E11 (E_0_OBUF)
     OBUF:I->O                 2.571          E_0_OBUF (E<0>)
    ----------------------------------------
    Total                      6.311ns (4.203ns logic, 2.108ns route)
                                       (66.6% logic, 33.4% route)

=========================================================================

Cross Clock Domains Report:
--------------------------

Clock to Setup on destination clock P_STATE[1]_PWR_4_o_Mux_12_o
---------------+---------+---------+---------+---------+
               | Src:Rise| Src:Fall| Src:Rise| Src:Fall|
Source Clock   |Dest:Rise|Dest:Rise|Dest:Fall|Dest:Fall|
---------------+---------+---------+---------+---------+
clk            |         |         |    1.715|         |
---------------+---------+---------+---------+---------+

Clock to Setup on destination clock clk
---------------------------+---------+---------+---------+---------+
                           | Src:Rise| Src:Fall| Src:Rise| Src:Fall|
Source Clock               |Dest:Rise|Dest:Rise|Dest:Fall|Dest:Fall|
---------------------------+---------+---------+---------+---------+
P_STATE[1]_PWR_4_o_Mux_12_o|         |    1.179|         |         |
---------------------------+---------+---------+---------+---------+

=========================================================================


Total REAL time to Xst completion: 3.00 secs
Total CPU time to Xst completion: 3.37 secs
 
--> 

Total memory usage is 186448 kilobytes

Number of errors   :    0 (   0 filtered)
Number of warnings :    2 (   0 filtered)
Number of infos    :    2 (   0 filtered)

